<?xml version="1.0" encoding="UTF-8"?>
<!-- Generated by org.testng.reporters.JUnitReportReporter -->
<testsuite hostname="ICPL15081" failures="0" tests="1" name="Demo.CreateOrgTest" time="0.012" errors="0" timestamp="2023-02-02T05:08:04 IST" skipped="0">
  <testcase classname="Demo.CreateOrgTest" name="test1" time="0.012"/>
  <system-out/>
</testsuite> <!-- Demo.CreateOrgTest -->
